Linting:
1. ✘ \src\config\config.ts
2. ✘ \src\react-app-env.d.ts
3. ✘ \src\reportWebVitals.ts
4. ✔︎ \src\setupTests.ts

H:\dev\nodejs\react-front\src\config\config.ts
   1:1   error  'dotenv' should be listed in the project's dependencies, not devDependencies  import/no-extraneous-dependencies
   1:25  error  Strings must use singlequote                                                  quotes
   1:34  error  Expected linebreaks to be 'LF' but found 'CRLF'                               linebreak-style
   2:1   error  Expected linebreaks to be 'LF' but found 'CRLF'                               linebreak-style
   3:17  error  Expected linebreaks to be 'LF' but found 'CRLF'                               linebreak-style
   4:10  error  Expected linebreaks to be 'LF' but found 'CRLF'                               linebreak-style
   5:32  error  Expected linebreaks to be 'LF' but found 'CRLF'                               linebreak-style
   6:8   error  Strings must use singlequote                                                  quotes
   6:21  error  Expected linebreaks to be 'LF' but found 'CRLF'                               linebreak-style
   7:49  error  Expected linebreaks to be 'LF' but found 'CRLF'                               linebreak-style
   8:11  error  Expected linebreaks to be 'LF' but found 'CRLF'                               linebreak-style
   9:8   error  Strings must use singlequote                                                  quotes
   9:15  error  Expected linebreaks to be 'LF' but found 'CRLF'                               linebreak-style
  10:43  error  Expected linebreaks to be 'LF' but found 'CRLF'                               linebreak-style
  11:11  error  Expected linebreaks to be 'LF' but found 'CRLF'                               linebreak-style
  12:11  error  Expected linebreaks to be 'LF' but found 'CRLF'                               linebreak-style
  13:50  error  Expected linebreaks to be 'LF' but found 'CRLF'                               linebreak-style
  14:2   error  Expected linebreaks to be 'LF' but found 'CRLF'                               linebreak-style
  15:17  error  Expected property shorthand                                                   object-shorthand
  15:31  error  Expected linebreaks to be 'LF' but found 'CRLF'                               linebreak-style
  16:1   error  Expected linebreaks to be 'LF' but found 'CRLF'                               linebreak-style
  17:8   error  Expected space(s) after "default"                                             keyword-spacing
  17:16  error  Expected linebreaks to be 'LF' but found 'CRLF'                               linebreak-style
  18:1   error  Expected indentation of 2 spaces but found 4                                  indent
  18:36  error  Expected linebreaks to be 'LF' but found 'CRLF'                               linebreak-style
  19:1   error  Expected indentation of 2 spaces but found 4                                  indent
  19:49  error  Expected linebreaks to be 'LF' but found 'CRLF'                               linebreak-style
  20:2   error  Newline required at end of file but not found                                 eol-last
  20:2   error  Missing semicolon                                                             semi

H:\dev\nodejs\react-front\src\react-app-env.d.ts
  1:40  error  Expected linebreaks to be 'LF' but found 'CRLF'  linebreak-style

H:\dev\nodejs\react-front\src\reportWebVitals.ts
  5:32  error  Expected a line break after this opening brace   object-curly-newline
  5:74  error  Expected a line break before this closing brace  object-curly-newline

✖ 32 problems (32 errors, 0 warnings)
  31 errors and 0 warnings potentially fixable with the `--fix` option.


4 files linted.
